<?xml version="1.0" encoding="UTF-8"?>
<testsuite name="com.practice.book.springboot.web.HelloControllerTest" tests="2" skipped="0" failures="0" errors="0" timestamp="2021-05-11T06:39:14" hostname="DESKTOP-33SH6A9" time="0.249">
  <properties/>
  <testcase name="hello가_리턴된다" classname="com.practice.book.springboot.web.HelloControllerTest" time="0.11"/>
  <testcase name="helloDto가_리턴된다" classname="com.practice.book.springboot.web.HelloControllerTest" time="0.138"/>
  <system-out><![CDATA[2021-05-11 15:39:13.129  INFO 10332 --- [    Test worker] .b.t.a.w.s.WebMvcTestContextBootstrapper : Neither @ContextConfiguration nor @ContextHierarchy found for test class [com.practice.book.springboot.web.HelloControllerTest], using SpringBootContextLoader
2021-05-11 15:39:13.131  INFO 10332 --- [    Test worker] o.s.t.c.support.AbstractContextLoader    : Could not detect default resource locations for test class [com.practice.book.springboot.web.HelloControllerTest]: no resource found for suffixes {-context.xml, Context.groovy}.
2021-05-11 15:39:13.131  INFO 10332 --- [    Test worker] t.c.s.AnnotationConfigContextLoaderUtils : Could not detect default configuration classes for test class [com.practice.book.springboot.web.HelloControllerTest]: HelloControllerTest does not declare any static, non-private, non-final, nested classes annotated with @Configuration.
2021-05-11 15:39:13.170  INFO 10332 --- [    Test worker] .b.t.c.SpringBootTestContextBootstrapper : Found @SpringBootConfiguration com.practice.book.springboot.Application for test class com.practice.book.springboot.web.HelloControllerTest
2021-05-11 15:39:13.170  INFO 10332 --- [    Test worker] .b.t.a.w.s.WebMvcTestContextBootstrapper : Loaded default TestExecutionListener class names from location [META-INF/spring.factories]: [org.springframework.security.test.context.support.WithSecurityContextTestExecutionListener, org.springframework.security.test.context.support.ReactorContextTestExecutionListener, org.springframework.boot.test.autoconfigure.restdocs.RestDocsTestExecutionListener, org.springframework.boot.test.autoconfigure.web.client.MockRestServiceServerResetTestExecutionListener, org.springframework.boot.test.autoconfigure.web.servlet.MockMvcPrintOnlyOnFailureTestExecutionListener, org.springframework.boot.test.autoconfigure.web.servlet.WebDriverTestExecutionListener, org.springframework.boot.test.mock.mockito.MockitoTestExecutionListener, org.springframework.boot.test.mock.mockito.ResetMocksTestExecutionListener, org.springframework.test.context.web.ServletTestExecutionListener, org.springframework.test.context.support.DirtiesContextBeforeModesTestExecutionListener, org.springframework.test.context.support.DependencyInjectionTestExecutionListener, org.springframework.test.context.support.DirtiesContextTestExecutionListener, org.springframework.test.context.transaction.TransactionalTestExecutionListener, org.springframework.test.context.jdbc.SqlScriptsTestExecutionListener]
2021-05-11 15:39:13.173  INFO 10332 --- [    Test worker] .b.t.a.w.s.WebMvcTestContextBootstrapper : Using TestExecutionListeners: [org.springframework.test.context.web.ServletTestExecutionListener@56f4c758, org.springframework.test.context.support.DirtiesContextBeforeModesTestExecutionListener@363221dc, org.springframework.boot.test.mock.mockito.MockitoTestExecutionListener@218742d7, org.springframework.boot.test.autoconfigure.SpringBootDependencyInjectionTestExecutionListener@1c121d4f, org.springframework.test.context.support.DirtiesContextTestExecutionListener@6c2cc792, org.springframework.test.context.transaction.TransactionalTestExecutionListener@4bb7370a, org.springframework.test.context.jdbc.SqlScriptsTestExecutionListener@50bd4551, org.springframework.security.test.context.support.WithSecurityContextTestExecutionListener@5c49d26c, org.springframework.security.test.context.support.ReactorContextTestExecutionListener@56539e20, org.springframework.boot.test.autoconfigure.restdocs.RestDocsTestExecutionListener@242efc87, org.springframework.boot.test.autoconfigure.web.client.MockRestServiceServerResetTestExecutionListener@1e03a29e, org.springframework.boot.test.autoconfigure.web.servlet.MockMvcPrintOnlyOnFailureTestExecutionListener@ccbd980, org.springframework.boot.test.autoconfigure.web.servlet.WebDriverTestExecutionListener@46a3f4a7, org.springframework.boot.test.mock.mockito.ResetMocksTestExecutionListener@153af230]

  .   ____          _            __ _ _
 /\\ / ___'_ __ _ _(_)_ __  __ _ \ \ \ \
( ( )\___ | '_ | '_| | '_ \/ _` | \ \ \ \
 \\/  ___)| |_)| | | | | || (_| |  ) ) ) )
  '  |____| .__|_| |_|_| |_\__, | / / / /
 =========|_|==============|___/=/_/_/_/
 :: Spring Boot ::        (v2.1.7.RELEASE)

2021-05-11 15:39:13.232  INFO 10332 --- [    Test worker] c.p.b.s.web.HelloControllerTest          : Starting HelloControllerTest on DESKTOP-33SH6A9 with PID 10332 (started by Lenovo in C:\Practice)
2021-05-11 15:39:13.234  INFO 10332 --- [    Test worker] c.p.b.s.web.HelloControllerTest          : No active profile set, falling back to default profiles: default
2021-05-11 15:39:14.085  INFO 10332 --- [    Test worker] o.s.s.concurrent.ThreadPoolTaskExecutor  : Initializing ExecutorService 'applicationTaskExecutor'
2021-05-11 15:39:14.149  INFO 10332 --- [    Test worker] o.s.b.a.w.s.WelcomePageHandlerMapping    : Adding welcome page template: index
2021-05-11 15:39:14.501  INFO 10332 --- [    Test worker] .s.s.UserDetailsServiceAutoConfiguration : 

Using generated security password: 951c7366-0e4a-4f61-bba2-5c3b8a0b7469

2021-05-11 15:39:14.737  INFO 10332 --- [    Test worker] o.s.s.web.DefaultSecurityFilterChain     : Creating filter chain: any request, [org.springframework.security.web.context.request.async.WebAsyncManagerIntegrationFilter@6976c0b4, org.springframework.security.web.context.SecurityContextPersistenceFilter@7ef03b7b, org.springframework.security.web.header.HeaderWriterFilter@3c90f393, org.springframework.security.web.csrf.CsrfFilter@7683a902, org.springframework.security.web.authentication.logout.LogoutFilter@5df085a6, org.springframework.security.web.authentication.UsernamePasswordAuthenticationFilter@55965821, org.springframework.security.web.authentication.ui.DefaultLoginPageGeneratingFilter@22e62b32, org.springframework.security.web.authentication.ui.DefaultLogoutPageGeneratingFilter@3d8e0c7c, org.springframework.security.web.authentication.www.BasicAuthenticationFilter@1634ac4a, org.springframework.security.web.savedrequest.RequestCacheAwareFilter@4a878850, org.springframework.security.web.servletapi.SecurityContextHolderAwareRequestFilter@7130f6f8, org.springframework.security.web.authentication.AnonymousAuthenticationFilter@e6bb17b, org.springframework.security.web.session.SessionManagementFilter@57b086ba, org.springframework.security.web.access.ExceptionTranslationFilter@6dbb3f1a, org.springframework.security.web.access.intercept.FilterSecurityInterceptor@7f344d54]
2021-05-11 15:39:14.818  INFO 10332 --- [    Test worker] o.s.b.t.m.w.SpringBootMockServletContext : Initializing Spring TestDispatcherServlet ''
2021-05-11 15:39:14.818  INFO 10332 --- [    Test worker] o.s.t.web.servlet.TestDispatcherServlet  : Initializing Servlet ''
2021-05-11 15:39:14.838  INFO 10332 --- [    Test worker] o.s.t.web.servlet.TestDispatcherServlet  : Completed initialization in 20 ms
2021-05-11 15:39:14.895  INFO 10332 --- [    Test worker] c.p.b.s.web.HelloControllerTest          : Started HelloControllerTest in 1.719 seconds (JVM running for 11.602)
]]></system-out>
  <system-err><![CDATA[]]></system-err>
</testsuite>
