<?xml version="1.0" encoding="UTF-8"?>
<testsuite name="com.practice.book.springboot.web.HelloControllerTest" tests="2" skipped="0" failures="0" errors="0" timestamp="2021-05-13T06:31:06" hostname="DESKTOP-33SH6A9" time="0.266">
  <properties/>
  <testcase name="hello가_리턴된다" classname="com.practice.book.springboot.web.HelloControllerTest" time="0.118"/>
  <testcase name="helloDto가_리턴된다" classname="com.practice.book.springboot.web.HelloControllerTest" time="0.147"/>
  <system-out><![CDATA[2021-05-13 15:31:05.041  INFO 10840 --- [    Test worker] .b.t.a.w.s.WebMvcTestContextBootstrapper : Neither @ContextConfiguration nor @ContextHierarchy found for test class [com.practice.book.springboot.web.HelloControllerTest], using SpringBootContextLoader
2021-05-13 15:31:05.043  INFO 10840 --- [    Test worker] o.s.t.c.support.AbstractContextLoader    : Could not detect default resource locations for test class [com.practice.book.springboot.web.HelloControllerTest]: no resource found for suffixes {-context.xml, Context.groovy}.
2021-05-13 15:31:05.043  INFO 10840 --- [    Test worker] t.c.s.AnnotationConfigContextLoaderUtils : Could not detect default configuration classes for test class [com.practice.book.springboot.web.HelloControllerTest]: HelloControllerTest does not declare any static, non-private, non-final, nested classes annotated with @Configuration.
2021-05-13 15:31:05.079  INFO 10840 --- [    Test worker] .b.t.c.SpringBootTestContextBootstrapper : Found @SpringBootConfiguration com.practice.book.springboot.Application for test class com.practice.book.springboot.web.HelloControllerTest
2021-05-13 15:31:05.079  INFO 10840 --- [    Test worker] .b.t.a.w.s.WebMvcTestContextBootstrapper : Loaded default TestExecutionListener class names from location [META-INF/spring.factories]: [org.springframework.security.test.context.support.WithSecurityContextTestExecutionListener, org.springframework.security.test.context.support.ReactorContextTestExecutionListener, org.springframework.boot.test.autoconfigure.restdocs.RestDocsTestExecutionListener, org.springframework.boot.test.autoconfigure.web.client.MockRestServiceServerResetTestExecutionListener, org.springframework.boot.test.autoconfigure.web.servlet.MockMvcPrintOnlyOnFailureTestExecutionListener, org.springframework.boot.test.autoconfigure.web.servlet.WebDriverTestExecutionListener, org.springframework.boot.test.mock.mockito.MockitoTestExecutionListener, org.springframework.boot.test.mock.mockito.ResetMocksTestExecutionListener, org.springframework.test.context.web.ServletTestExecutionListener, org.springframework.test.context.support.DirtiesContextBeforeModesTestExecutionListener, org.springframework.test.context.support.DependencyInjectionTestExecutionListener, org.springframework.test.context.support.DirtiesContextTestExecutionListener, org.springframework.test.context.transaction.TransactionalTestExecutionListener, org.springframework.test.context.jdbc.SqlScriptsTestExecutionListener]
2021-05-13 15:31:05.081  INFO 10840 --- [    Test worker] .b.t.a.w.s.WebMvcTestContextBootstrapper : Using TestExecutionListeners: [org.springframework.test.context.web.ServletTestExecutionListener@2654df30, org.springframework.test.context.support.DirtiesContextBeforeModesTestExecutionListener@4644ee1e, org.springframework.boot.test.mock.mockito.MockitoTestExecutionListener@6499d3cc, org.springframework.boot.test.autoconfigure.SpringBootDependencyInjectionTestExecutionListener@3a89d638, org.springframework.test.context.support.DirtiesContextTestExecutionListener@3a242306, org.springframework.test.context.transaction.TransactionalTestExecutionListener@5bf10e42, org.springframework.test.context.jdbc.SqlScriptsTestExecutionListener@71dca143, org.springframework.security.test.context.support.WithSecurityContextTestExecutionListener@5909156, org.springframework.security.test.context.support.ReactorContextTestExecutionListener@1eb7aef1, org.springframework.boot.test.autoconfigure.restdocs.RestDocsTestExecutionListener@4d67207b, org.springframework.boot.test.autoconfigure.web.client.MockRestServiceServerResetTestExecutionListener@59a5562d, org.springframework.boot.test.autoconfigure.web.servlet.MockMvcPrintOnlyOnFailureTestExecutionListener@58be766e, org.springframework.boot.test.autoconfigure.web.servlet.WebDriverTestExecutionListener@7b5d8bae, org.springframework.boot.test.mock.mockito.ResetMocksTestExecutionListener@fcd0846]

  .   ____          _            __ _ _
 /\\ / ___'_ __ _ _(_)_ __  __ _ \ \ \ \
( ( )\___ | '_ | '_| | '_ \/ _` | \ \ \ \
 \\/  ___)| |_)| | | | | || (_| |  ) ) ) )
  '  |____| .__|_| |_|_| |_\__, | / / / /
 =========|_|==============|___/=/_/_/_/
 :: Spring Boot ::        (v2.1.9.RELEASE)

2021-05-13 15:31:05.141  INFO 10840 --- [    Test worker] c.p.b.s.web.HelloControllerTest          : Starting HelloControllerTest on DESKTOP-33SH6A9 with PID 10840 (started by Lenovo in C:\Practice)
2021-05-13 15:31:05.143  INFO 10840 --- [    Test worker] c.p.b.s.web.HelloControllerTest          : No active profile set, falling back to default profiles: default
2021-05-13 15:31:05.951  INFO 10840 --- [    Test worker] o.s.s.concurrent.ThreadPoolTaskExecutor  : Initializing ExecutorService 'applicationTaskExecutor'
2021-05-13 15:31:06.016  INFO 10840 --- [    Test worker] o.s.b.a.w.s.WelcomePageHandlerMapping    : Adding welcome page template: index
2021-05-13 15:31:06.422  INFO 10840 --- [    Test worker] .s.s.UserDetailsServiceAutoConfiguration : 

Using generated security password: dde3fa58-4dd5-4e0b-928b-2e44da35308a

2021-05-13 15:31:06.719  INFO 10840 --- [    Test worker] o.s.s.web.DefaultSecurityFilterChain     : Creating filter chain: any request, [org.springframework.security.web.context.request.async.WebAsyncManagerIntegrationFilter@6fb38d78, org.springframework.security.web.context.SecurityContextPersistenceFilter@56099d9b, org.springframework.security.web.header.HeaderWriterFilter@1e9245b4, org.springframework.security.web.csrf.CsrfFilter@7b24ad4e, org.springframework.security.web.authentication.logout.LogoutFilter@6e8dc7c3, org.springframework.security.web.authentication.UsernamePasswordAuthenticationFilter@1dfd9ab1, org.springframework.security.web.authentication.ui.DefaultLoginPageGeneratingFilter@62bd15a2, org.springframework.security.web.authentication.ui.DefaultLogoutPageGeneratingFilter@29fc6941, org.springframework.security.web.authentication.www.BasicAuthenticationFilter@7311a2d5, org.springframework.security.web.savedrequest.RequestCacheAwareFilter@38f58efd, org.springframework.security.web.servletapi.SecurityContextHolderAwareRequestFilter@34c6c3b2, org.springframework.security.web.authentication.AnonymousAuthenticationFilter@578561a1, org.springframework.security.web.session.SessionManagementFilter@4002d5f5, org.springframework.security.web.access.ExceptionTranslationFilter@354b7b3c, org.springframework.security.web.access.intercept.FilterSecurityInterceptor@474d9f9a]
2021-05-13 15:31:06.790  INFO 10840 --- [    Test worker] o.s.b.t.m.w.SpringBootMockServletContext : Initializing Spring TestDispatcherServlet ''
2021-05-13 15:31:06.791  INFO 10840 --- [    Test worker] o.s.t.web.servlet.TestDispatcherServlet  : Initializing Servlet ''
2021-05-13 15:31:06.820  INFO 10840 --- [    Test worker] o.s.t.web.servlet.TestDispatcherServlet  : Completed initialization in 29 ms
2021-05-13 15:31:06.890  INFO 10840 --- [    Test worker] c.p.b.s.web.HelloControllerTest          : Started HelloControllerTest in 1.804 seconds (JVM running for 13.685)
]]></system-out>
  <system-err><![CDATA[]]></system-err>
</testsuite>
